<?xml version="1.0" encoding="UTF-8"?>
<testng-results ignored="0" total="1" passed="1" failed="0" skipped="0">
  <reporter-output>
  </reporter-output>
  <suite started-at="2023-07-14T16:04:06 IST" name="Default suite" finished-at="2023-07-14T16:05:28 IST" duration-ms="82720">
    <groups>
    </groups>
    <test started-at="2023-07-14T16:04:06 IST" name="Default test" finished-at="2023-07-14T16:05:28 IST" duration-ms="82720">
      <class name="admin.admin_test">
        <test-method is-config="true" signature="admin_setup()[pri:0, instance:admin.admin_test@29215f06]" started-at="2023-07-14T16:04:06 IST" name="admin_setup" finished-at="2023-07-14T16:04:15 IST" duration-ms="9098" status="PASS">
          <reporter-output>
          </reporter-output>
        </test-method> <!-- admin_setup -->
        <test-method signature="event_create()[pri:0, instance:admin.admin_test@29215f06]" started-at="2023-07-14T16:04:15 IST" name="event_create" finished-at="2023-07-14T16:05:28 IST" duration-ms="73563" status="PASS">
          <reporter-output>
          </reporter-output>
        </test-method> <!-- event_create -->
      </class> <!-- admin.admin_test -->
    </test> <!-- Default test -->
  </suite> <!-- Default suite -->
</testng-results>
